# JRE version: OpenJDK Runtime Environment Temurin-17.0.7+7 (17.0.7+7) (build 17.0.7+7)
# Java VM: OpenJDK 64-Bit Server VM Temurin-17.0.7+7 (17.0.7+7, mixed mode, tiered, compressed oops, compressed class ptrs, parallel gc, windows-amd64)
GC Precious Log:
 CPUs: 12 total, 12 available
 Memory: 16286M
 Large Page Support: Disabled
 NUMA Support: Disabled
 Compressed Oops: Enabled (32-bit)
 Alignments: Space 512K, Generation 512K, Heap 2M
 Heap Min Capacity: 100M
 Heap Initial Capacity: 100M
 Heap Max Capacity: 1G
 Pre-touch: Disabled
 Parallel Workers: 10
Heap:
 PSYoungGen      total 4096K, used 3046K [0x00000000eab00000, 0x00000000eb100000, 0x0000000100000000)
  eden space 3584K, 72% used [0x00000000eab00000,0x00000000ead89a00,0x00000000eae80000)
  from space 512K, 87% used [0x00000000eb080000,0x00000000eb0f0000,0x00000000eb100000)
  to   space 512K, 0% used [0x00000000eb000000,0x00000000eb000000,0x00000000eb080000)
 ParOldGen       total 182272K, used 171616K [0x00000000c0000000, 0x00000000cb200000, 0x00000000eab00000)
  object space 182272K, 94% used [0x00000000c0000000,0x00000000ca798310,0x00000000cb200000)
 Metaspace       used 104137K, committed 105728K, reserved 1179648K
  class space    used 10409K, committed 11136K, reserved 1048576K
GC Heap History (20 events):
Event: 2744.399 GC heap before
{Heap before GC invocations=9081 (full 220):
 PSYoungGen      total 5632K, used 4192K [0x00000000eab00000, 0x00000000eb300000, 0x0000000100000000)
  eden space 3584K, 100% used [0x00000000eab00000,0x00000000eae80000,0x00000000eae80000)
  from space 2048K, 29% used [0x00000000eaf80000,0x00000000eb018000,0x00000000eb180000)
  to   space 1024K, 0% used [0x00000000eb200000,0x00000000eb200000,0x00000000eb300000)
 ParOldGen       total 182272K, used 166821K [0x00000000c0000000, 0x00000000cb200000, 0x00000000eab00000)
  object space 182272K, 91% used [0x00000000c0000000,0x00000000ca2e97f0,0x00000000cb200000)
 Metaspace       used 104108K, committed 105664K, reserved 1179648K
  class space    used 10402K, committed 11136K, reserved 1048576K
}
Event: 2744.400 GC heap after
{Heap after GC invocations=9081 (full 220):
 PSYoungGen      total 4096K, used 416K [0x00000000eab00000, 0x00000000eb280000, 0x0000000100000000)
  eden space 3584K, 0% used [0x00000000eab00000,0x00000000eab00000,0x00000000eae80000)
  from space 512K, 81% used [0x00000000eb200000,0x00000000eb268000,0x00000000eb280000)
  to   space 1024K, 0% used [0x00000000eb080000,0x00000000eb080000,0x00000000eb180000)
 ParOldGen       total 182272K, used 167294K [0x00000000c0000000, 0x00000000cb200000, 0x00000000eab00000)
  object space 182272K, 91% used [0x00000000c0000000,0x00000000ca35f810,0x00000000cb200000)
 Metaspace       used 104108K, committed 105664K, reserved 1179648K
  class space    used 10402K, committed 11136K, reserved 1048576K
}
Event: 2744.407 GC heap before
{Heap before GC invocations=9082 (full 220):
 PSYoungGen      total 4096K, used 4000K [0x00000000eab00000, 0x00000000eb280000, 0x0000000100000000)
  eden space 3584K, 100% used [0x00000000eab00000,0x00000000eae80000,0x00000000eae80000)
  from space 512K, 81% used [0x00000000eb200000,0x00000000eb268000,0x00000000eb280000)
  to   space 1024K, 0% used [0x00000000eb080000,0x00000000eb080000,0x00000000eb180000)
 ParOldGen       total 182272K, used 167294K [0x00000000c0000000, 0x00000000cb200000, 0x00000000eab00000)
  object space 182272K, 91% used [0x00000000c0000000,0x00000000ca35f810,0x00000000cb200000)
 Metaspace       used 104108K, committed 105664K, reserved 1179648K
  class space    used 10402K, committed 11136K, reserved 1048576K
}
Event: 2744.407 GC heap after
{Heap after GC invocations=9082 (full 220):
 PSYoungGen      total 4608K, used 660K [0x00000000eab00000, 0x00000000eb280000, 0x0000000100000000)
  eden space 3584K, 0% used [0x00000000eab00000,0x00000000eab00000,0x00000000eae80000)
  from space 1024K, 64% used [0x00000000eb080000,0x00000000eb125200,0x00000000eb180000)
  to   space 1024K, 0% used [0x00000000eb180000,0x00000000eb180000,0x00000000eb280000)
 ParOldGen       total 182272K, used 167558K [0x00000000c0000000, 0x00000000cb200000, 0x00000000eab00000)
  object space 182272K, 91% used [0x00000000c0000000,0x00000000ca3a1810,0x00000000cb200000)
 Metaspace       used 104108K, committed 105664K, reserved 1179648K
  class space    used 10402K, committed 11136K, reserved 1048576K
}
Event: 2744.412 GC heap before
{Heap before GC invocations=9083 (full 220):
 PSYoungGen      total 4608K, used 4244K [0x00000000eab00000, 0x00000000eb280000, 0x0000000100000000)
  eden space 3584K, 100% used [0x00000000eab00000,0x00000000eae80000,0x00000000eae80000)
  from space 1024K, 64% used [0x00000000eb080000,0x00000000eb125200,0x00000000eb180000)
  to   space 1024K, 0% used [0x00000000eb180000,0x00000000eb180000,0x00000000eb280000)
 ParOldGen       total 182272K, used 167558K [0x00000000c0000000, 0x00000000cb200000, 0x00000000eab00000)
  object space 182272K, 91% used [0x00000000c0000000,0x00000000ca3a1810,0x00000000cb200000)
 Metaspace       used 104108K, committed 105664K, reserved 1179648K
  class space    used 10402K, committed 11136K, reserved 1048576K
}
Event: 2744.412 GC heap after
{Heap after GC invocations=9083 (full 220):
 PSYoungGen      total 4096K, used 416K [0x00000000eab00000, 0x00000000eb200000, 0x0000000100000000)
  eden space 3584K, 0% used [0x00000000eab00000,0x00000000eab00000,0x00000000eae80000)
  from space 512K, 81% used [0x00000000eb180000,0x00000000eb1e8000,0x00000000eb200000)
  to   space 512K, 0% used [0x00000000eb100000,0x00000000eb100000,0x00000000eb180000)
 ParOldGen       total 182272K, used 168042K [0x00000000c0000000, 0x00000000cb200000, 0x00000000eab00000)
  object space 182272K, 92% used [0x00000000c0000000,0x00000000ca41aa30,0x00000000cb200000)
 Metaspace       used 104108K, committed 105664K, reserved 1179648K
  class space    used 10402K, committed 11136K, reserved 1048576K
}
Event: 2744.487 GC heap before
{Heap before GC invocations=9084 (full 220):
 PSYoungGen      total 4096K, used 4000K [0x00000000eab00000, 0x00000000eb200000, 0x0000000100000000)
  eden space 3584K, 100% used [0x00000000eab00000,0x00000000eae80000,0x00000000eae80000)
  from space 512K, 81% used [0x00000000eb180000,0x00000000eb1e8000,0x00000000eb200000)
  to   space 512K, 0% used [0x00000000eb100000,0x00000000eb100000,0x00000000eb180000)
 ParOldGen       total 182272K, used 168042K [0x00000000c0000000, 0x00000000cb200000, 0x00000000eab00000)
  object space 182272K, 92% used [0x00000000c0000000,0x00000000ca41aa30,0x00000000cb200000)
 Metaspace       used 104108K, committed 105664K, reserved 1179648K
  class space    used 10402K, committed 11136K, reserved 1048576K
}
Event: 2744.488 GC heap after
{Heap after GC invocations=9084 (full 220):
 PSYoungGen      total 4096K, used 500K [0x00000000eab00000, 0x00000000eb200000, 0x0000000100000000)
  eden space 3584K, 0% used [0x00000000eab00000,0x00000000eab00000,0x00000000eae80000)
  from space 512K, 97% used [0x00000000eb100000,0x00000000eb17d200,0x00000000eb180000)
  to   space 512K, 0% used [0x00000000eb180000,0x00000000eb180000,0x00000000eb200000)
 ParOldGen       total 182272K, used 168338K [0x00000000c0000000, 0x00000000cb200000, 0x00000000eab00000)
  object space 182272K, 92% used [0x00000000c0000000,0x00000000ca464a30,0x00000000cb200000)
 Metaspace       used 104108K, committed 105664K, reserved 1179648K
  class space    used 10402K, committed 11136K, reserved 1048576K
}
Event: 2744.492 GC heap before
{Heap before GC invocations=9085 (full 220):
 PSYoungGen      total 4096K, used 4084K [0x00000000eab00000, 0x00000000eb200000, 0x0000000100000000)
  eden space 3584K, 100% used [0x00000000eab00000,0x00000000eae80000,0x00000000eae80000)
  from space 512K, 97% used [0x00000000eb100000,0x00000000eb17d200,0x00000000eb180000)
  to   space 512K, 0% used [0x00000000eb180000,0x00000000eb180000,0x00000000eb200000)
 ParOldGen       total 182272K, used 168338K [0x00000000c0000000, 0x00000000cb200000, 0x00000000eab00000)
  object space 182272K, 92% used [0x00000000c0000000,0x00000000ca464a30,0x00000000cb200000)
 Metaspace       used 104108K, committed 105664K, reserved 1179648K
  class space    used 10402K, committed 11136K, reserved 1048576K
}
Event: 2744.492 GC heap after
{Heap after GC invocations=9085 (full 220):
 PSYoungGen      total 4096K, used 426K [0x00000000eab00000, 0x00000000eb200000, 0x0000000100000000)
  eden space 3584K, 0% used [0x00000000eab00000,0x00000000eab00000,0x00000000eae80000)
  from space 512K, 83% used [0x00000000eb180000,0x00000000eb1ea910,0x00000000eb200000)
  to   space 512K, 0% used [0x00000000eb100000,0x00000000eb100000,0x00000000eb180000)
 ParOldGen       total 182272K, used 168698K [0x00000000c0000000, 0x00000000cb200000, 0x00000000eab00000)
  object space 182272K, 92% used [0x00000000c0000000,0x00000000ca4bea30,0x00000000cb200000)
 Metaspace       used 104108K, committed 105664K, reserved 1179648K
  class space    used 10402K, committed 11136K, reserved 1048576K
}
Event: 2744.496 GC heap before
{Heap before GC invocations=9086 (full 220):
 PSYoungGen      total 4096K, used 4010K [0x00000000eab00000, 0x00000000eb200000, 0x0000000100000000)
  eden space 3584K, 100% used [0x00000000eab00000,0x00000000eae80000,0x00000000eae80000)
  from space 512K, 83% used [0x00000000eb180000,0x00000000eb1ea910,0x00000000eb200000)
  to   space 512K, 0% used [0x00000000eb100000,0x00000000eb100000,0x00000000eb180000)
 ParOldGen       total 182272K, used 168698K [0x00000000c0000000, 0x00000000cb200000, 0x00000000eab00000)
  object space 182272K, 92% used [0x00000000c0000000,0x00000000ca4bea30,0x00000000cb200000)
 Metaspace       used 104108K, committed 105664K, reserved 1179648K
  class space    used 10402K, committed 11136K, reserved 1048576K
}
Event: 2744.496 GC heap after
{Heap after GC invocations=9086 (full 220):
 PSYoungGen      total 4096K, used 448K [0x00000000eab00000, 0x00000000eb200000, 0x0000000100000000)
  eden space 3584K, 0% used [0x00000000eab00000,0x00000000eab00000,0x00000000eae80000)
  from space 512K, 87% used [0x00000000eb100000,0x00000000eb170000,0x00000000eb180000)
  to   space 512K, 0% used [0x00000000eb180000,0x00000000eb180000,0x00000000eb200000)
 ParOldGen       total 182272K, used 169043K [0x00000000c0000000, 0x00000000cb200000, 0x00000000eab00000)
  object space 182272K, 92% used [0x00000000c0000000,0x00000000ca514c78,0x00000000cb200000)
 Metaspace       used 104108K, committed 105664K, reserved 1179648K
  class space    used 10402K, committed 11136K, reserved 1048576K
}
Event: 2744.502 GC heap before
{Heap before GC invocations=9087 (full 220):
 PSYoungGen      total 4096K, used 4032K [0x00000000eab00000, 0x00000000eb200000, 0x0000000100000000)
  eden space 3584K, 100% used [0x00000000eab00000,0x00000000eae80000,0x00000000eae80000)
  from space 512K, 87% used [0x00000000eb100000,0x00000000eb170000,0x00000000eb180000)
  to   space 512K, 0% used [0x00000000eb180000,0x00000000eb180000,0x00000000eb200000)
 ParOldGen       total 182272K, used 169043K [0x00000000c0000000, 0x00000000cb200000, 0x00000000eab00000)
  object space 182272K, 92% used [0x00000000c0000000,0x00000000ca514c78,0x00000000cb200000)
 Metaspace       used 104108K, committed 105664K, reserved 1179648K
  class space    used 10402K, committed 11136K, reserved 1048576K
}
Event: 2744.502 GC heap after
{Heap after GC invocations=9087 (full 220):
 PSYoungGen      total 4096K, used 506K [0x00000000eab00000, 0x00000000eb200000, 0x0000000100000000)
  eden space 3584K, 0% used [0x00000000eab00000,0x00000000eab00000,0x00000000eae80000)
  from space 512K, 98% used [0x00000000eb180000,0x00000000eb1fe900,0x00000000eb200000)
  to   space 1024K, 0% used [0x00000000eb000000,0x00000000eb000000,0x00000000eb100000)
 ParOldGen       total 182272K, used 169371K [0x00000000c0000000, 0x00000000cb200000, 0x00000000eab00000)
  object space 182272K, 92% used [0x00000000c0000000,0x00000000ca566c78,0x00000000cb200000)
 Metaspace       used 104108K, committed 105664K, reserved 1179648K
  class space    used 10402K, committed 11136K, reserved 1048576K
}
Event: 2744.506 GC heap before
{Heap before GC invocations=9088 (full 220):
 PSYoungGen      total 4096K, used 4090K [0x00000000eab00000, 0x00000000eb200000, 0x0000000100000000)
  eden space 3584K, 100% used [0x00000000eab00000,0x00000000eae80000,0x00000000eae80000)
  from space 512K, 98% used [0x00000000eb180000,0x00000000eb1fe900,0x00000000eb200000)
  to   space 1024K, 0% used [0x00000000eb000000,0x00000000eb000000,0x00000000eb100000)
 ParOldGen       total 182272K, used 169371K [0x00000000c0000000, 0x00000000cb200000, 0x00000000eab00000)
  object space 182272K, 92% used [0x00000000c0000000,0x00000000ca566c78,0x00000000cb200000)
 Metaspace       used 104108K, committed 105664K, reserved 1179648K
  class space    used 10402K, committed 11136K, reserved 1048576K
}
Event: 2744.507 GC heap after
{Heap after GC invocations=9088 (full 220):
 PSYoungGen      total 4608K, used 512K [0x00000000eab00000, 0x00000000eb200000, 0x0000000100000000)
  eden space 3584K, 0% used [0x00000000eab00000,0x00000000eab00000,0x00000000eae80000)
  from space 1024K, 50% used [0x00000000eb000000,0x00000000eb080000,0x00000000eb100000)
  to   space 1024K, 0% used [0x00000000eb100000,0x00000000eb100000,0x00000000eb200000)
 ParOldGen       total 182272K, used 169847K [0x00000000c0000000, 0x00000000cb200000, 0x00000000eab00000)
  object space 182272K, 93% used [0x00000000c0000000,0x00000000ca5ddf10,0x00000000cb200000)
 Metaspace       used 104108K, committed 105664K, reserved 1179648K
  class space    used 10402K, committed 11136K, reserved 1048576K
}
Event: 2744.511 GC heap before
{Heap before GC invocations=9089 (full 220):
 PSYoungGen      total 4608K, used 4096K [0x00000000eab00000, 0x00000000eb200000, 0x0000000100000000)
  eden space 3584K, 100% used [0x00000000eab00000,0x00000000eae80000,0x00000000eae80000)
  from space 1024K, 50% used [0x00000000eb000000,0x00000000eb080000,0x00000000eb100000)
  to   space 1024K, 0% used [0x00000000eb100000,0x00000000eb100000,0x00000000eb200000)
 ParOldGen       total 182272K, used 169847K [0x00000000c0000000, 0x00000000cb200000, 0x00000000eab00000)
  object space 182272K, 93% used [0x00000000c0000000,0x00000000ca5ddf10,0x00000000cb200000)
 Metaspace       used 104108K, committed 105664K, reserved 1179648K
  class space    used 10402K, committed 11136K, reserved 1048576K
}
Event: 2744.512 GC heap after
{Heap after GC invocations=9089 (full 220):
 PSYoungGen      total 4608K, used 544K [0x00000000eab00000, 0x00000000eb200000, 0x0000000100000000)
  eden space 3584K, 0% used [0x00000000eab00000,0x00000000eab00000,0x00000000eae80000)
  from space 1024K, 53% used [0x00000000eb100000,0x00000000eb188000,0x00000000eb200000)
  to   space 1024K, 0% used [0x00000000eb000000,0x00000000eb000000,0x00000000eb100000)
 ParOldGen       total 182272K, used 170191K [0x00000000c0000000, 0x00000000cb200000, 0x00000000eab00000)
  object space 182272K, 93% used [0x00000000c0000000,0x00000000ca633f10,0x00000000cb200000)
 Metaspace       used 104108K, committed 105664K, reserved 1179648K
  class space    used 10402K, committed 11136K, reserved 1048576K
}
Event: 2744.515 GC heap before
{Heap before GC invocations=9090 (full 220):
 PSYoungGen      total 4608K, used 4128K [0x00000000eab00000, 0x00000000eb200000, 0x0000000100000000)
  eden space 3584K, 100% used [0x00000000eab00000,0x00000000eae80000,0x00000000eae80000)
  from space 1024K, 53% used [0x00000000eb100000,0x00000000eb188000,0x00000000eb200000)
  to   space 1024K, 0% used [0x00000000eb000000,0x00000000eb000000,0x00000000eb100000)
 ParOldGen       total 182272K, used 170191K [0x00000000c0000000, 0x00000000cb200000, 0x00000000eab00000)
  object space 182272K, 93% used [0x00000000c0000000,0x00000000ca633f10,0x00000000cb200000)
 Metaspace       used 104108K, committed 105664K, reserved 1179648K
  class space    used 10402K, committed 11136K, reserved 1048576K
}
Event: 2744.516 GC heap after
{Heap after GC invocations=9090 (full 220):
 PSYoungGen      total 4096K, used 512K [0x00000000eab00000, 0x00000000eb180000, 0x0000000100000000)
  eden space 3584K, 0% used [0x00000000eab00000,0x00000000eab00000,0x00000000eae80000)
  from space 512K, 100% used [0x00000000eb000000,0x00000000eb080000,0x00000000eb080000)
  to   space 1024K, 0% used [0x00000000eb080000,0x00000000eb080000,0x00000000eb180000)
 ParOldGen       total 182272K, used 170556K [0x00000000c0000000, 0x00000000cb200000, 0x00000000eab00000)
  object space 182272K, 93% used [0x00000000c0000000,0x00000000ca68f110,0x00000000cb200000)
 Metaspace       used 104108K, committed 105664K, reserved 1179648K
  class space    used 10402K, committed 11136K, reserved 1048576K
}

